c:\users\adars\documents\visual studio code\c++\path_tracing\path_tracing\x64\release\vc143.pdb
c:\users\adars\documents\visual studio code\c++\path_tracing\path_tracing\x64\release\glad.obj
c:\users\adars\documents\visual studio code\c++\path_tracing\path_tracing\x64\release\path_tracing.obj
c:\users\adars\documents\visual studio code\c++\path_tracing\path_tracing\x64\release\imgui_widgets.obj
c:\users\adars\documents\visual studio code\c++\path_tracing\path_tracing\x64\release\imgui_tables.obj
c:\users\adars\documents\visual studio code\c++\path_tracing\path_tracing\x64\release\imgui_draw.obj
c:\users\adars\documents\visual studio code\c++\path_tracing\path_tracing\x64\release\imgui_demo.obj
c:\users\adars\documents\visual studio code\c++\path_tracing\path_tracing\x64\release\imgui.obj
c:\users\adars\documents\visual studio code\c++\path_tracing\path_tracing\x64\release\imgui_impl_sdl2.obj
c:\users\adars\documents\visual studio code\c++\path_tracing\path_tracing\x64\release\imgui_impl_opengl3.obj
c:\users\adars\documents\visual studio code\c++\path_tracing\x64\release\path_tracing.exe
c:\users\adars\documents\visual studio code\c++\path_tracing\path_tracing\x64\release\path_tracing.ipdb
c:\users\adars\documents\visual studio code\c++\path_tracing\x64\release\path_tracing.pdb
c:\users\adars\documents\visual studio code\c++\path_tracing\path_tracing\x64\release\path_tracing.iobj
c:\users\adars\documents\visual studio code\c++\path_tracing\path_tracing\x64\release\path_tracing.tlog\cl.command.1.tlog
c:\users\adars\documents\visual studio code\c++\path_tracing\path_tracing\x64\release\path_tracing.tlog\cl.items.tlog
c:\users\adars\documents\visual studio code\c++\path_tracing\path_tracing\x64\release\path_tracing.tlog\cl.read.1.tlog
c:\users\adars\documents\visual studio code\c++\path_tracing\path_tracing\x64\release\path_tracing.tlog\cl.write.1.tlog
c:\users\adars\documents\visual studio code\c++\path_tracing\path_tracing\x64\release\path_tracing.tlog\link.command.1.tlog
c:\users\adars\documents\visual studio code\c++\path_tracing\path_tracing\x64\release\path_tracing.tlog\link.read.1.tlog
c:\users\adars\documents\visual studio code\c++\path_tracing\path_tracing\x64\release\path_tracing.tlog\link.write.1.tlog
